# JRE version: Java(TM) SE Runtime Environment (8.0_211-b12) (build 1.8.0_211-b12)
# Java VM: Java HotSpot(TM) 64-Bit Server VM (25.211-b12 mixed mode windows-amd64 compressed oops)
Heap:
 PSYoungGen      total 18944K, used 5286K [0x00000000eb500000, 0x00000000ed700000, 0x0000000100000000)
  eden space 16384K, 23% used [0x00000000eb500000,0x00000000eb8c4f20,0x00000000ec500000)
  from space 2560K, 55% used [0x00000000ec500000,0x00000000ec664b30,0x00000000ec780000)
  to   space 9216K, 0% used [0x00000000ece00000,0x00000000ece00000,0x00000000ed700000)
 ParOldGen       total 31744K, used 18775K [0x00000000c1e00000, 0x00000000c3d00000, 0x00000000eb500000)
  object space 31744K, 59% used [0x00000000c1e00000,0x00000000c3055f60,0x00000000c3d00000)
 Metaspace       used 22670K, capacity 22948K, committed 23344K, reserved 1069056K
  class space    used 2758K, capacity 2832K, committed 2944K, reserved 1048576K
GC Heap History (10 events):
Event: 1.167 GC heap before
{Heap before GC invocations=2 (full 0):
 PSYoungGen      total 18944K, used 18912K [0x00000000eb500000, 0x00000000eca00000, 0x0000000100000000)
  eden space 16384K, 100% used [0x00000000eb500000,0x00000000ec500000,0x00000000ec500000)
  from space 2560K, 98% used [0x00000000ec500000,0x00000000ec778050,0x00000000ec780000)
  to   space 2560K, 0% used [0x00000000ec780000,0x00000000ec780000,0x00000000eca00000)
 ParOldGen       total 44032K, used 2793K [0x00000000c1e00000, 0x00000000c4900000, 0x00000000eb500000)
  object space 44032K, 6% used [0x00000000c1e00000,0x00000000c20ba500,0x00000000c4900000)
 Metaspace       used 17989K, capacity 18204K, committed 18432K, reserved 1064960K
  class space    used 2132K, capacity 2238K, committed 2304K, reserved 1048576K
Event: 1.173 GC heap after
Heap after GC invocations=2 (full 0):
 PSYoungGen      total 18944K, used 2548K [0x00000000eb500000, 0x00000000eca00000, 0x0000000100000000)
  eden space 16384K, 0% used [0x00000000eb500000,0x00000000eb500000,0x00000000ec500000)
  from space 2560K, 99% used [0x00000000ec780000,0x00000000ec9fd240,0x00000000eca00000)
  to   space 2560K, 0% used [0x00000000ec500000,0x00000000ec500000,0x00000000ec780000)
 ParOldGen       total 44032K, used 5768K [0x00000000c1e00000, 0x00000000c4900000, 0x00000000eb500000)
  object space 44032K, 13% used [0x00000000c1e00000,0x00000000c23a22f0,0x00000000c4900000)
 Metaspace       used 17989K, capacity 18204K, committed 18432K, reserved 1064960K
  class space    used 2132K, capacity 2238K, committed 2304K, reserved 1048576K
}
Event: 13.323 GC heap before
{Heap before GC invocations=3 (full 0):
 PSYoungGen      total 18944K, used 15286K [0x00000000eb500000, 0x00000000eca00000, 0x0000000100000000)
  eden space 16384K, 77% used [0x00000000eb500000,0x00000000ec170900,0x00000000ec500000)
  from space 2560K, 99% used [0x00000000ec780000,0x00000000ec9fd240,0x00000000eca00000)
  to   space 2560K, 0% used [0x00000000ec500000,0x00000000ec500000,0x00000000ec780000)
 ParOldGen       total 44032K, used 5768K [0x00000000c1e00000, 0x00000000c4900000, 0x00000000eb500000)
  object space 44032K, 13% used [0x00000000c1e00000,0x00000000c23a22f0,0x00000000c4900000)
 Metaspace       used 20763K, capacity 20980K, committed 21296K, reserved 1069056K
  class space    used 2559K, capacity 2626K, committed 2688K, reserved 1048576K
Event: 13.328 GC heap after
Heap after GC invocations=3 (full 0):
 PSYoungGen      total 18944K, used 2533K [0x00000000eb500000, 0x00000000eca00000, 0x0000000100000000)
  eden space 16384K, 0% used [0x00000000eb500000,0x00000000eb500000,0x00000000ec500000)
  from space 2560K, 98% used [0x00000000ec500000,0x00000000ec7794a0,0x00000000ec780000)
  to   space 2560K, 0% used [0x00000000ec780000,0x00000000ec780000,0x00000000eca00000)
 ParOldGen       total 44032K, used 11556K [0x00000000c1e00000, 0x00000000c4900000, 0x00000000eb500000)
  object space 44032K, 26% used [0x00000000c1e00000,0x00000000c2949170,0x00000000c4900000)
 Metaspace       used 20763K, capacity 20980K, committed 21296K, reserved 1069056K
  class space    used 2559K, capacity 2626K, committed 2688K, reserved 1048576K
}
Event: 13.328 GC heap before
{Heap before GC invocations=4 (full 1):
 PSYoungGen      total 18944K, used 2533K [0x00000000eb500000, 0x00000000eca00000, 0x0000000100000000)
  eden space 16384K, 0% used [0x00000000eb500000,0x00000000eb500000,0x00000000ec500000)
  from space 2560K, 98% used [0x00000000ec500000,0x00000000ec7794a0,0x00000000ec780000)
  to   space 2560K, 0% used [0x00000000ec780000,0x00000000ec780000,0x00000000eca00000)
 ParOldGen       total 44032K, used 11556K [0x00000000c1e00000, 0x00000000c4900000, 0x00000000eb500000)
  object space 44032K, 26% used [0x00000000c1e00000,0x00000000c2949170,0x00000000c4900000)
 Metaspace       used 20763K, capacity 20980K, committed 21296K, reserved 1069056K
  class space    used 2559K, capacity 2626K, committed 2688K, reserved 1048576K
Event: 13.360 GC heap after
Heap after GC invocations=4 (full 1):
 PSYoungGen      total 18944K, used 0K [0x00000000eb500000, 0x00000000eca00000, 0x0000000100000000)
  eden space 16384K, 0% used [0x00000000eb500000,0x00000000eb500000,0x00000000ec500000)
  from space 2560K, 0% used [0x00000000ec500000,0x00000000ec500000,0x00000000ec780000)
  to   space 2560K, 0% used [0x00000000ec780000,0x00000000ec780000,0x00000000eca00000)
 ParOldGen       total 31744K, used 9436K [0x00000000c1e00000, 0x00000000c3d00000, 0x00000000eb500000)
  object space 31744K, 29% used [0x00000000c1e00000,0x00000000c2737190,0x00000000c3d00000)
 Metaspace       used 20763K, capacity 20980K, committed 21296K, reserved 1069056K
  class space    used 2559K, capacity 2626K, committed 2688K, reserved 1048576K
}
Event: 28.814 GC heap before
{Heap before GC invocations=5 (full 1):
 PSYoungGen      total 18944K, used 16384K [0x00000000eb500000, 0x00000000eca00000, 0x0000000100000000)
  eden space 16384K, 100% used [0x00000000eb500000,0x00000000ec500000,0x00000000ec500000)
  from space 2560K, 0% used [0x00000000ec500000,0x00000000ec500000,0x00000000ec780000)
  to   space 2560K, 0% used [0x00000000ec780000,0x00000000ec780000,0x00000000eca00000)
 ParOldGen       total 31744K, used 9436K [0x00000000c1e00000, 0x00000000c3d00000, 0x00000000eb500000)
  object space 31744K, 29% used [0x00000000c1e00000,0x00000000c2737190,0x00000000c3d00000)
 Metaspace       used 22191K, capacity 22480K, committed 22832K, reserved 1069056K
  class space    used 2735K, capacity 2830K, committed 2944K, reserved 1048576K
Event: 28.817 GC heap after
Heap after GC invocations=5 (full 1):
 PSYoungGen      total 18944K, used 2557K [0x00000000eb500000, 0x00000000eca00000, 0x0000000100000000)
  eden space 16384K, 0% used [0x00000000eb500000,0x00000000eb500000,0x00000000ec500000)
  from space 2560K, 99% used [0x00000000ec780000,0x00000000ec9ff630,0x00000000eca00000)
  to   space 2560K, 0% used [0x00000000ec500000,0x00000000ec500000,0x00000000ec780000)
 ParOldGen       total 31744K, used 12344K [0x00000000c1e00000, 0x00000000c3d00000, 0x00000000eb500000)
  object space 31744K, 38% used [0x00000000c1e00000,0x00000000c2a0e390,0x00000000c3d00000)
 Metaspace       used 22191K, capacity 22480K, committed 22832K, reserved 1069056K
  class space    used 2735K, capacity 2830K, committed 2944K, reserved 1048576K
}
Event: 38.786 GC heap before
{Heap before GC invocations=6 (full 1):
 PSYoungGen      total 18944K, used 18941K [0x00000000eb500000, 0x00000000eca00000, 0x0000000100000000)
  eden space 16384K, 100% used [0x00000000eb500000,0x00000000ec500000,0x00000000ec500000)
  from space 2560K, 99% used [0x00000000ec780000,0x00000000ec9ff630,0x00000000eca00000)
  to   space 2560K, 0% used [0x00000000ec500000,0x00000000ec500000,0x00000000ec780000)
 ParOldGen       total 31744K, used 12344K [0x00000000c1e00000, 0x00000000c3d00000, 0x00000000eb500000)
  object space 31744K, 38% used [0x00000000c1e00000,0x00000000c2a0e390,0x00000000c3d00000)
 Metaspace       used 22586K, capacity 22884K, committed 23344K, reserved 1069056K
  class space    used 2748K, capacity 2832K, committed 2944K, reserved 1048576K
Event: 38.790 GC heap after
Heap after GC invocations=6 (full 1):
 PSYoungGen      total 18944K, used 1426K [0x00000000eb500000, 0x00000000ed700000, 0x0000000100000000)
  eden space 16384K, 0% used [0x00000000eb500000,0x00000000eb500000,0x00000000ec500000)
  from space 2560K, 55% used [0x00000000ec500000,0x00000000ec664b30,0x00000000ec780000)
  to   space 9216K, 0% used [0x00000000ece00000,0x00000000ece00000,0x00000000ed700000)
 ParOldGen       total 31744K, used 18775K [0x00000000c1e00000, 0x00000000c3d00000, 0x00000000eb500000)
  object space 31744K, 59% used [0x00000000c1e00000,0x00000000c3055f60,0x00000000c3d00000)
 Metaspace       used 22586K, capacity 22884K, committed 23344K, reserved 1069056K
  class space    used 2748K, capacity 2832K, committed 2944K, reserved 1048576K
}

